Array
(
    [to] => bruce@myinbox.ws
    [subject] => [devs] New User Registration
    [attachments] => Array
        (
        )

    [headers] => Array
        (
            [0] => Content-Type: text/html; charset="UTF-8"
        )

    [message] => <div id="message">
    <h2>WordPress</h2>
    <div id="content">
        New user registration on your site devs:

Username: test

E-mail: test+bruce@myinbox.ws

    </div>
</div>

)
Array
(
    [to] => test+bruce@myinbox.ws
    [subject] => [devs] Your username and password
    [attachments] => Array
        (
        )

    [headers] => Array
        (
            [0] => Content-Type: text/html; charset="UTF-8"
        )

    [message] => <div id="message">
    <h2>WordPress</h2>
    <div id="content">
        Username: test
Password: network
http://devs.com/wp-login.php

    </div>
</div>

)
Array
(
    [to] => bruce@myinbox.ws
    [subject] => [devs] New User Registration
    [attachments] => Array
        (
        )

    [headers] => Array
        (
            [0] => Content-Type: text/html; charset="UTF-8"
        )

    [message] => <div id="message">
    <h2>WordPress</h2>
    <div id="content">
        <p>New user registration on your site devs:</p>
<p>Username: test2</p>
<p>E-mail: test2+bruce@myinbox.ws</p>

    </div>
</div>

)
Array
(
    [to] => test2+bruce@myinbox.ws
    [subject] => [devs] Your username and password
    [attachments] => Array
        (
        )

    [headers] => Array
        (
            [0] => Content-Type: text/html; charset="UTF-8"
        )

    [message] => <div id="message">
    <h2>WordPress</h2>
    <div id="content">
        <p>Username: test2<br />
Password: network<br />
http://devs.com/wp-login.php</p>

    </div>
</div>

)
Array
(
    [to] => bruce@myinbox.ws
    [subject] => [devs] New User Registration
    [attachments] => Array
        (
        )

    [headers] => Array
        (
            [0] => Content-Type: text/html; charset="UTF-8"
        )

    [message] => <div id="message">
	<h2>WordPress</h2>
	<div id="content">
		<p>New user registration on your site devs:</p>
<p>Username: test</p>
<p>E-mail: test+bruce@myinbox.ws</p>

	</div>
</div>
)
Array
(
    [to] => test+bruce@myinbox.ws
    [subject] => [devs] Your username and password
    [attachments] => Array
        (
        )

    [headers] => Array
        (
            [0] => Content-Type: text/html; charset="UTF-8"
        )

    [message] => <div id="message">
	<h2>WordPress</h2>
	<div id="content">
		<p>Username: test<br />
Password: network<br />
http://devs.com/wp-login.php</p>

	</div>
</div>
)
